<?xml version="1.0" encoding="UTF-8"?>
<!-- Generated by org.testng.reporters.JUnitReportReporter -->
<testsuite hostname="Niharikapc" failures="0" tests="1" name="com.nitesh.selenium.LocalBrowserRun" time="27.310" errors="0" timestamp="2020-11-24T09:52:48 IST" skipped="0">
  <testcase classname="com.nitesh.selenium.LocalBrowserRun" name="test" time="27.310"/>
  <system-out/>
</testsuite> <!-- com.nitesh.selenium.LocalBrowserRun -->
