<?xml version="1.0" encoding="UTF-8"?>
<!-- Generated by org.testng.reporters.JUnitReportReporter -->
<testsuite hostname="Niharikapc" failures="0" tests="1" name="com.nitesh.selenium.NewTest" time="36.178" errors="0" timestamp="2020-11-17T08:19:04 IST" skipped="0">
  <testcase classname="com.nitesh.selenium.NewTest" name="test" time="36.178"/>
  <system-out/>
</testsuite> <!-- com.nitesh.selenium.NewTest -->
