<?xml version="1.0" encoding="UTF-8"?>
<!-- Generated by org.testng.reporters.JUnitReportReporter -->
<testsuite hostname="Niharikapc" failures="0" tests="1" name="com.nitesh.selenium.ScreenShot" time="23.803" errors="0" timestamp="2020-11-17T11:25:46 IST" skipped="0">
  <testcase classname="com.nitesh.selenium.ScreenShot" name="f" time="23.803"/>
  <system-out/>
</testsuite> <!-- com.nitesh.selenium.ScreenShot -->
