<?xml version="1.0" encoding="UTF-8"?>
<!-- Generated by org.testng.reporters.JUnitReportReporter -->
<testsuite hostname="Niharikapc" failures="0" tests="1" name="com.nitesh.selenium.DockerRun" time="28.731" errors="0" timestamp="2020-11-24T13:39:17 IST" skipped="0">
  <testcase classname="com.nitesh.selenium.DockerRun" name="test123" time="28.731"/>
  <system-out/>
</testsuite> <!-- com.nitesh.selenium.DockerRun -->
